<?xml version="1.0" encoding="utf-8"?><testsuites name="pytest tests"><testsuite name="pytest" errors="0" failures="0" skipped="0" tests="13" time="2.660" timestamp="2026-04-29T22:19:35.201642+00:00" hostname="agent-env-e4a33439-d7d7-4324-b37f-53740d70f22f"><testcase classname="backend.tests.test_iteration2.TestExtendedSettings" name="test_new_fields_present" time="0.235" /><testcase classname="backend.tests.test_iteration2.TestPropertyGeoFields" name="test_properties_have_lat_lng_featured" time="0.051" /><testcase classname="backend.tests.test_iteration2.TestSimilarProperties" name="test_similar_endpoint" time="0.098" /><testcase classname="backend.tests.test_iteration2.TestSimilarProperties" name="test_similar_404" time="0.053" /><testcase classname="backend.tests.test_iteration2.TestFinancing" name="test_create_financing_lead_public" time="0.380" /><testcase classname="backend.tests.test_iteration2.TestUpload" name="test_upload_requires_auth" time="0.086" /><testcase classname="backend.tests.test_iteration2.TestUpload" name="test_upload_and_serve" time="0.463" /><testcase classname="backend.tests.test_iteration2.TestUpload" name="test_upload_rejects_bad_format" time="0.053" /><testcase classname="backend.tests.test_iteration2.TestUpload" name="test_serve_404" time="0.054" /><testcase classname="backend.tests.test_iteration2.TestTestimonialsCRUD" name="test_unauth_rejected" time="0.157" /><testcase classname="backend.tests.test_iteration2.TestTestimonialsCRUD" name="test_crud_flow" time="0.311" /><testcase classname="backend.tests.test_iteration2.TestAdminSettingsExtended" name="test_update_new_fields" time="0.213" /><testcase classname="backend.tests.test_iteration2.TestAdminPropertyGeo" name="test_create_without_lat_lng_autogeocodes" time="0.322" /></testsuite></testsuites>