<?xml version="1.0" encoding="utf-8"?><testsuites name="pytest tests"><testsuite name="pytest" errors="0" failures="0" skipped="0" tests="43" time="5.172" timestamp="2026-04-29T22:19:50.001420+00:00" hostname="agent-env-e4a33439-d7d7-4324-b37f-53740d70f22f"><testcase classname="backend.tests.backend_test.TestPublic" name="test_root" time="0.172" /><testcase classname="backend.tests.backend_test.TestPublic" name="test_settings" time="0.050" /><testcase classname="backend.tests.backend_test.TestPublic" name="test_properties_list" time="0.062" /><testcase classname="backend.tests.backend_test.TestPublic" name="test_properties_filter_cidade" time="0.050" /><testcase classname="backend.tests.backend_test.TestPublic" name="test_properties_filter_finalidade_destaque" time="0.049" /><testcase classname="backend.tests.backend_test.TestPublic" name="test_properties_filter_valor_quartos" time="0.052" /><testcase classname="backend.tests.backend_test.TestPublic" name="test_property_detail" time="0.098" /><testcase classname="backend.tests.backend_test.TestPublic" name="test_property_detail_404" time="0.050" /><testcase classname="backend.tests.backend_test.TestPublic" name="test_testimonials" time="0.050" /><testcase classname="backend.tests.backend_test.TestPublic" name="test_create_lead" time="0.049" /><testcase classname="backend.tests.backend_test.TestAuth" name="test_login_success" time="0.272" /><testcase classname="backend.tests.backend_test.TestAuth" name="test_login_wrong_password" time="0.269" /><testcase classname="backend.tests.backend_test.TestAuth" name="test_login_nonexistent_user" time="0.046" /><testcase classname="backend.tests.backend_test.TestAuth" name="test_me_with_token" time="0.321" /><testcase classname="backend.tests.backend_test.TestAuth" name="test_me_without_token" time="0.047" /><testcase classname="backend.tests.backend_test.TestAdminAuthRequired" name="test_unauth[/admin/leads]" time="0.051" /><testcase classname="backend.tests.backend_test.TestAdminAuthRequired" name="test_unauth[/admin/properties]" time="0.047" /><testcase classname="backend.tests.backend_test.TestAdminAuthRequired" name="test_unauth[/admin/dashboard/stats]" time="0.048" /><testcase classname="backend.tests.backend_test.TestAdminAuthRequired" name="test_unauth[/admin/reports/origin]" time="0.050" /><testcase classname="backend.tests.backend_test.TestAdminAuthRequired" name="test_unauth[/admin/reports/insights]" time="0.047" /><testcase classname="backend.tests.backend_test.TestAdminLeads" name="test_list_leads" time="0.053" /><testcase classname="backend.tests.backend_test.TestAdminLeads" name="test_filter_leads_by_stage" time="0.047" /><testcase classname="backend.tests.backend_test.TestAdminLeads" name="test_update_lead_stage_and_persistence" time="0.149" /><testcase classname="backend.tests.backend_test.TestAdminLeads" name="test_add_note" time="0.103" /><testcase classname="backend.tests.backend_test.TestAdminProperties" name="test_list" time="0.050" /><testcase classname="backend.tests.backend_test.TestAdminProperties" name="test_create_update_delete" time="0.249" /><testcase classname="backend.tests.backend_test.TestAdminDashboard" name="test_stats" time="0.056" /><testcase classname="backend.tests.backend_test.TestAdminDashboard" name="test_origin_report" time="0.052" /><testcase classname="backend.tests.backend_test.TestAdminDashboard" name="test_insights" time="0.050" /><testcase classname="backend.tests.backend_test.TestAdminSettings" name="test_update_and_revert" time="0.148" /><testcase classname="backend.tests.test_iteration2.TestExtendedSettings" name="test_new_fields_present" time="0.172" /><testcase classname="backend.tests.test_iteration2.TestPropertyGeoFields" name="test_properties_have_lat_lng_featured" time="0.049" /><testcase classname="backend.tests.test_iteration2.TestSimilarProperties" name="test_similar_endpoint" time="0.105" /><testcase classname="backend.tests.test_iteration2.TestSimilarProperties" name="test_similar_404" time="0.054" /><testcase classname="backend.tests.test_iteration2.TestFinancing" name="test_create_financing_lead_public" time="0.375" /><testcase classname="backend.tests.test_iteration2.TestUpload" name="test_upload_requires_auth" time="0.056" /><testcase classname="backend.tests.test_iteration2.TestUpload" name="test_upload_and_serve" time="0.506" /><testcase classname="backend.tests.test_iteration2.TestUpload" name="test_upload_rejects_bad_format" time="0.058" /><testcase classname="backend.tests.test_iteration2.TestUpload" name="test_serve_404" time="0.049" /><testcase classname="backend.tests.test_iteration2.TestTestimonialsCRUD" name="test_unauth_rejected" time="0.144" /><testcase classname="backend.tests.test_iteration2.TestTestimonialsCRUD" name="test_crud_flow" time="0.299" /><testcase classname="backend.tests.test_iteration2.TestAdminSettingsExtended" name="test_update_new_fields" time="0.156" /><testcase classname="backend.tests.test_iteration2.TestAdminPropertyGeo" name="test_create_without_lat_lng_autogeocodes" time="0.201" /></testsuite></testsuites>