<?xml version="1.0" encoding="utf-8"?><testsuites name="pytest tests"><testsuite name="pytest" errors="0" failures="0" skipped="0" tests="30" time="6.186" timestamp="2026-04-29T21:05:41.092528+00:00" hostname="agent-env-e4a33439-d7d7-4324-b37f-53740d70f22f"><testcase classname="backend.tests.backend_test.TestPublic" name="test_root" time="0.401" /><testcase classname="backend.tests.backend_test.TestPublic" name="test_settings" time="0.127" /><testcase classname="backend.tests.backend_test.TestPublic" name="test_properties_list" time="0.138" /><testcase classname="backend.tests.backend_test.TestPublic" name="test_properties_filter_cidade" time="0.138" /><testcase classname="backend.tests.backend_test.TestPublic" name="test_properties_filter_finalidade_destaque" time="0.143" /><testcase classname="backend.tests.backend_test.TestPublic" name="test_properties_filter_valor_quartos" time="0.155" /><testcase classname="backend.tests.backend_test.TestPublic" name="test_property_detail" time="0.404" /><testcase classname="backend.tests.backend_test.TestPublic" name="test_property_detail_404" time="0.226" /><testcase classname="backend.tests.backend_test.TestPublic" name="test_testimonials" time="0.266" /><testcase classname="backend.tests.backend_test.TestPublic" name="test_create_lead" time="0.289" /><testcase classname="backend.tests.backend_test.TestAuth" name="test_login_success" time="0.509" /><testcase classname="backend.tests.backend_test.TestAuth" name="test_login_wrong_password" time="0.438" /><testcase classname="backend.tests.backend_test.TestAuth" name="test_login_nonexistent_user" time="0.166" /><testcase classname="backend.tests.backend_test.TestAuth" name="test_me_with_token" time="0.513" /><testcase classname="backend.tests.backend_test.TestAuth" name="test_me_without_token" time="0.128" /><testcase classname="backend.tests.backend_test.TestAdminAuthRequired" name="test_unauth[/admin/leads]" time="0.100" /><testcase classname="backend.tests.backend_test.TestAdminAuthRequired" name="test_unauth[/admin/properties]" time="0.099" /><testcase classname="backend.tests.backend_test.TestAdminAuthRequired" name="test_unauth[/admin/dashboard/stats]" time="0.082" /><testcase classname="backend.tests.backend_test.TestAdminAuthRequired" name="test_unauth[/admin/reports/origin]" time="0.075" /><testcase classname="backend.tests.backend_test.TestAdminAuthRequired" name="test_unauth[/admin/reports/insights]" time="0.079" /><testcase classname="backend.tests.backend_test.TestAdminLeads" name="test_list_leads" time="0.087" /><testcase classname="backend.tests.backend_test.TestAdminLeads" name="test_filter_leads_by_stage" time="0.139" /><testcase classname="backend.tests.backend_test.TestAdminLeads" name="test_update_lead_stage_and_persistence" time="0.225" /><testcase classname="backend.tests.backend_test.TestAdminLeads" name="test_add_note" time="0.157" /><testcase classname="backend.tests.backend_test.TestAdminProperties" name="test_list" time="0.072" /><testcase classname="backend.tests.backend_test.TestAdminProperties" name="test_create_update_delete" time="0.353" /><testcase classname="backend.tests.backend_test.TestAdminDashboard" name="test_stats" time="0.071" /><testcase classname="backend.tests.backend_test.TestAdminDashboard" name="test_origin_report" time="0.070" /><testcase classname="backend.tests.backend_test.TestAdminDashboard" name="test_insights" time="0.073" /><testcase classname="backend.tests.backend_test.TestAdminSettings" name="test_update_and_revert" time="0.217" /></testsuite></testsuites>